#
# There is insufficient memory for the Java Runtime Environment to continue.
# Native memory allocation (mmap) failed to map 67108864 bytes for G1 virtual space
# Possible reasons:
#   The system is out of physical RAM or swap space
#   The process is running with CompressedOops enabled, and the Java Heap may be blocking the growth of the native heap
# Possible solutions:
#   Reduce memory load on the system
#   Increase physical memory or swap space
#   Check if swap backing store is full
#   Decrease Java heap size (-Xmx/-Xms)
#   Decrease number of Java threads
#   Decrease Java thread stack sizes (-Xss)
#   Set larger code cache with -XX:ReservedCodeCacheSize=
#   JVM is running with Unscaled Compressed Oops mode in which the Java heap is
#     placed in the first 4GB address space. The Java Heap base address is the
#     maximum limit for the native heap growth. Please use -XX:HeapBaseMinAddress
#     to set the Java Heap base and to place the Java Heap above 4GB virtual address.
# This output file may be truncated or incomplete.
#
#  Out of Memory Error (os_windows.cpp:3551), pid=3344, tid=13788
#
# JRE version:  (17.0.16+12) (build )
# Java VM: Java HotSpot(TM) 64-Bit Server VM (17.0.16+12-LTS-247, mixed mode, sharing, tiered, compressed oops, compressed class ptrs, g1 gc, windows-amd64)
# No core dump will be written. Minidumps are not enabled by default on client versions of Windows
#

---------------  S U M M A R Y ------------

Command Line: -Xmx64m -Xms64m -Dorg.gradle.appname=gradlew D:\GITHUB\reactNativeCalculator\android\\gradle\wrapper\gradle-wrapper.jar app:installDebug -PreactNativeDevServerPort=8081

Host: AMD A10-7860K Radeon R7, 12 Compute Cores 4C+8G, 4 cores, 13G,  Windows 11 , 64 bit Build 26100 (10.0.26100.7019)
Time: Sun Dec  7 18:09:20 2025 Hora estándar de Argentina elapsed time: 0.214342 seconds (0d 0h 0m 0s)

---------------  T H R E A D  ---------------

Current thread (0x0000022d391555c0):  JavaThread "Unknown thread" [_thread_in_vm, id=13788, stack(0x000000fe63600000,0x000000fe63700000)]

Stack: [0x000000fe63600000,0x000000fe63700000]
Native frames: (J=compiled Java code, j=interpreted, Vv=VM code, C=native code)
V  [jvm.dll+0x67a46a]
V  [jvm.dll+0x7da77d]
V  [jvm.dll+0x7dc0c3]
V  [jvm.dll+0x7dc733]
V  [jvm.dll+0x24523f]
V  [jvm.dll+0x677499]
V  [jvm.dll+0x66c122]
V  [jvm.dll+0x302156]
V  [jvm.dll+0x3096f6]
V  [jvm.dll+0x35a04e]
V  [jvm.dll+0x35a27f]
V  [jvm.dll+0x2d9228]
V  [jvm.dll+0x2da194]
V  [jvm.dll+0x7acf61]
V  [jvm.dll+0x3678b1]
V  [jvm.dll+0x78bf39]
V  [jvm.dll+0x3ecc6e]
V  [jvm.dll+0x3ee8a1]
C  [jli.dll+0x5297]
C  [ucrtbase.dll+0x37b0]
C  [KERNEL32.DLL+0x2e8d7]
C  [ntdll.dll+0x8c53c]


---------------  P R O C E S S  ---------------

Threads class SMR info:
_java_thread_list=0x00007ffc08298a18, length=0, elements={
}

Java Threads: ( => current thread )

Other Threads:
  0x0000022d391742d0 GCTaskThread "GC Thread#0" [stack: 0x000000fe63700000,0x000000fe63800000] [id=9392]
  0x0000022d39175a20 ConcurrentGCThread "G1 Main Marker" [stack: 0x000000fe63800000,0x000000fe63900000] [id=11132]
  0x0000022d39176430 ConcurrentGCThread "G1 Conc#0" [stack: 0x000000fe63900000,0x000000fe63a00000] [id=6112]

[error occurred during error reporting (printing all threads), id 0xc0000005, EXCEPTION_ACCESS_VIOLATION (0xc0000005) at pc=0x00007ffc07ac9d17]

VM state: not at safepoint (not fully initialized)

VM Mutex/Monitor currently owned by a thread:  ([mutex/lock_event])
[0x0000022d39150fe0] Heap_lock - owner thread: 0x0000022d391555c0

Heap address: 0x00000000fc000000, size: 64 MB, Compressed Oops mode: 32-bit

CDS archive(s) mapped at: [0x0000000000000000-0x0000000000000000-0x0000000000000000), size 0, SharedBaseAddress: 0x0000000800000000, ArchiveRelocationMode: 1.
Narrow klass base: 0x0000000000000000, Narrow klass shift: 0, Narrow klass range: 0x0

GC Precious Log:
<Empty>

Heap:
 garbage-first heap   total 0K, used 0K [0x00000000fc000000, 0x0000000100000000)
  region size 1024K, 0 young (0K), 0 survivors (0K)

[error occurred during error reporting (printing heap information), id 0xc0000005, EXCEPTION_ACCESS_VIOLATION (0xc0000005) at pc=0x00007ffc07eb3c09]

GC Heap History (0 events):
No events

Deoptimization events (0 events):
No events

Classes unloaded (0 events):
No events

Classes redefined (0 events):
No events

Internal exceptions (0 events):
No events

VM Operations (0 events):
No events

Events (1 events):
Event: 0.037 Loaded shared library C:\Program Files\Java\jdk-17\bin\java.dll


Dynamic libraries:
0x00007ff6e8770000 - 0x00007ff6e8780000 	C:\Program Files\Java\jdk-17\bin\java.exe
0x00007ffc789a0000 - 0x00007ffc78c08000 	C:\WINDOWS\SYSTEM32\ntdll.dll
0x00007ffc77990000 - 0x00007ffc77a59000 	C:\WINDOWS\System32\KERNEL32.DLL
0x00007ffc75af0000 - 0x00007ffc75ee8000 	C:\WINDOWS\System32\KERNELBASE.dll
0x00007ffc76400000 - 0x00007ffc7654b000 	C:\WINDOWS\System32\ucrtbase.dll
0x00007ffc691f0000 - 0x00007ffc69209000 	C:\Program Files\Java\jdk-17\bin\jli.dll
0x00007ffc77a60000 - 0x00007ffc77b14000 	C:\WINDOWS\System32\ADVAPI32.dll
0x00007ffc771c0000 - 0x00007ffc77269000 	C:\WINDOWS\System32\msvcrt.dll
0x00007ffc77c10000 - 0x00007ffc77cb6000 	C:\WINDOWS\System32\sechost.dll
0x00007ffc62c10000 - 0x00007ffc62c2b000 	C:\Program Files\Java\jdk-17\bin\VCRUNTIME140.dll
0x00007ffc77280000 - 0x00007ffc77398000 	C:\WINDOWS\System32\RPCRT4.dll
0x00007ffc77cc0000 - 0x00007ffc77e87000 	C:\WINDOWS\System32\USER32.dll
0x00007ffc76710000 - 0x00007ffc76737000 	C:\WINDOWS\System32\win32u.dll
0x00007ffc76740000 - 0x00007ffc7676b000 	C:\WINDOWS\System32\GDI32.dll
0x00007ffc76550000 - 0x00007ffc7667c000 	C:\WINDOWS\System32\gdi32full.dll
0x00007ffc76120000 - 0x00007ffc761c3000 	C:\WINDOWS\System32\msvcp_win.dll
0x00007ffc5dc40000 - 0x00007ffc5ded4000 	C:\WINDOWS\WinSxS\amd64_microsoft.windows.common-controls_6595b64144ccf1df_6.0.26100.7019_none_3e06ffa0e335b8a8\COMCTL32.dll
0x00007ffc6fc10000 - 0x00007ffc6fc1b000 	C:\WINDOWS\SYSTEM32\VERSION.dll
0x00007ffc773a0000 - 0x00007ffc773d1000 	C:\WINDOWS\System32\IMM32.DLL
0x00007ffc6e450000 - 0x00007ffc6e45c000 	C:\Program Files\Java\jdk-17\bin\vcruntime140_1.dll
0x00007ffc44520000 - 0x00007ffc445ae000 	C:\Program Files\Java\jdk-17\bin\msvcp140.dll
0x00007ffc077e0000 - 0x00007ffc083c1000 	C:\Program Files\Java\jdk-17\bin\server\jvm.dll
0x00007ffc78000000 - 0x00007ffc78008000 	C:\WINDOWS\System32\PSAPI.DLL
0x00007ffc6f300000 - 0x00007ffc6f30a000 	C:\WINDOWS\SYSTEM32\WSOCK32.dll
0x00007ffc788e0000 - 0x00007ffc78954000 	C:\WINDOWS\System32\WS2_32.dll
0x00007ffc68fe0000 - 0x00007ffc69015000 	C:\WINDOWS\SYSTEM32\WINMM.dll
0x00007ffc748b0000 - 0x00007ffc748cb000 	C:\WINDOWS\SYSTEM32\kernel.appcore.dll
0x00007ffc6e240000 - 0x00007ffc6e24a000 	C:\Program Files\Java\jdk-17\bin\jimage.dll
0x00007ffc64c80000 - 0x00007ffc64ec2000 	C:\WINDOWS\SYSTEM32\DBGHELP.DLL
0x00007ffc773e0000 - 0x00007ffc7776b000 	C:\WINDOWS\System32\combase.dll
0x00007ffc76790000 - 0x00007ffc76867000 	C:\WINDOWS\System32\OLEAUT32.dll
0x00007ffc5d380000 - 0x00007ffc5d3bc000 	C:\WINDOWS\SYSTEM32\dbgcore.DLL
0x00007ffc76070000 - 0x00007ffc76115000 	C:\WINDOWS\System32\bcryptPrimitives.dll
0x00007ffc58a20000 - 0x00007ffc58a45000 	C:\Program Files\Java\jdk-17\bin\java.dll

dbghelp: loaded successfully - version: 4.0.5 - missing functions: none
symbol engine: initialized successfully - sym options: 0x614 - pdb path: .;C:\Program Files\Java\jdk-17\bin;C:\WINDOWS\SYSTEM32;C:\WINDOWS\WinSxS\amd64_microsoft.windows.common-controls_6595b64144ccf1df_6.0.26100.7019_none_3e06ffa0e335b8a8;C:\Program Files\Java\jdk-17\bin\server

VM Arguments:
jvm_args: -Xmx64m -Xms64m -Dorg.gradle.appname=gradlew 
java_command: D:\GITHUB\reactNativeCalculator\android\\gradle\wrapper\gradle-wrapper.jar app:installDebug -PreactNativeDevServerPort=8081
java_class_path (initial): D:\GITHUB\reactNativeCalculator\android\\gradle\wrapper\gradle-wrapper.jar
Launcher Type: SUN_STANDARD

[Global flags]
     intx CICompilerCount                          = 3                                         {product} {ergonomic}
     uint ConcGCThreads                            = 1                                         {product} {ergonomic}
     uint G1ConcRefinementThreads                  = 4                                         {product} {ergonomic}
   size_t G1HeapRegionSize                         = 1048576                                   {product} {ergonomic}
    uintx GCDrainStackTargetSize                   = 64                                        {product} {ergonomic}
   size_t InitialHeapSize                          = 67108864                                  {product} {command line}
   size_t MarkStackSize                            = 4194304                                   {product} {ergonomic}
   size_t MaxHeapSize                              = 67108864                                  {product} {command line}
   size_t MinHeapDeltaBytes                        = 1048576                                   {product} {ergonomic}
   size_t MinHeapSize                              = 67108864                                  {product} {command line}
    uintx NonNMethodCodeHeapSize                   = 5832780                                {pd product} {ergonomic}
    uintx NonProfiledCodeHeapSize                  = 122912730                              {pd product} {ergonomic}
    uintx ProfiledCodeHeapSize                     = 122912730                              {pd product} {ergonomic}
    uintx ReservedCodeCacheSize                    = 251658240                              {pd product} {ergonomic}
     bool SegmentedCodeCache                       = true                                      {product} {ergonomic}
   size_t SoftMaxHeapSize                          = 67108864                               {manageable} {ergonomic}
     bool UseCompressedClassPointers               = true                           {product lp64_product} {ergonomic}
     bool UseCompressedOops                        = true                           {product lp64_product} {ergonomic}
     bool UseG1GC                                  = true                                      {product} {ergonomic}
     bool UseLargePagesIndividualAllocation        = false                                  {pd product} {ergonomic}

Logging:
Log output configuration:
 #0: stdout all=warning uptime,level,tags
 #1: stderr all=off uptime,level,tags

Environment Variables:
JAVA_HOME=C:\Program Files\Java\jdk-17
PATH=D:\GITHUB\reactNativeCalculator\node_modules\.bin;D:\GITHUB\node_modules\.bin;D:\node_modules\.bin;C:\Program Files\nodejs\node_modules\npm\node_modules\@npmcli\run-script\lib\node-gyp-bin;C:\Users\pablo\bin;C:\Program Files\Git\mingw64\bin;C:\Program Files\Git\usr\local\bin;C:\Program Files\Git\usr\bin;C:\Program Files\Git\usr\bin;C:\Program Files\Git\mingw64\bin;C:\Program Files\Git\usr\bin;C:\Users\pablo\bin;C:\Program Files\Common Files\Oracle\Java\javapath;C:\Program Files (x86)\Common Files\Oracle\Java\java8path;C:\Program Files (x86)\Common Files\Oracle\Java\javapath;C:\WINDOWS\system32;C:\WINDOWS;C:\WINDOWS\System32\Wbem;C:\WINDOWS\System32\WindowsPowerShell\v1.0;C:\WINDOWS\System32\OpenSSH;C:\Program Files\Git\cmd;C:\Program Files\dotnet;C:\Program Files\nodejs;C:\Program Files\Java\jdk-17\bin;C:\Users\pablo\AppData\Local\Microsoft\WindowsApps;C:\Users\pablo\AppData\Local\Programs\Microsoft VS Code\bin;C:\Users\pablo\AppData\Roaming\npm;C:\Users\pablo\AppData\Local\Android\Sdk\platform-tools;C:\Program Files\Git\usr\bin\vendor_perl;C:\Program Files\Git\usr\bin\core_perl
USERNAME=pablo
SHELL=C:\Program Files\Git\usr\bin\bash.exe
DISPLAY=needs-to-be-defined
LANG=en_US.UTF-8
OS=Windows_NT
PROCESSOR_IDENTIFIER=AMD64 Family 21 Model 56 Stepping 1, AuthenticAMD



---------------  S Y S T E M  ---------------

OS:
 Windows 11 , 64 bit Build 26100 (10.0.26100.7019)
OS uptime: 0 days 14:52 hours

CPU: total 4 (initial active 4) (4 cores per cpu, 1 threads per core) family 21 model 56 stepping 1 microcode 0x6003106, cx8, cmov, fxsr, mmx, 3dnowpref, sse, sse2, sse3, ssse3, sse4a, sse4.1, sse4.2, popcnt, lzcnt, tsc, tscinvbit, avx, aes, clmul, bmi1, fma, vzeroupper, clflush

Memory: 4k page, system-wide physical 14298M (1598M free)
TotalPageFile size 24298M (AvailPageFile size 23M)
current process WorkingSet (physical memory assigned to process): 12M, peak: 12M
current process commit charge ("private bytes"): 51M, peak: 115M

vm_info: Java HotSpot(TM) 64-Bit Server VM (17.0.16+12-LTS-247) for windows-amd64 JRE (17.0.16+12-LTS-247), built on Jun 27 2025 10:11:42 by "mach5one" with MS VC++ 17.6 (VS2022)

END.
