#
# There is insufficient memory for the Java Runtime Environment to continue.
# Native memory allocation (malloc) failed to allocate 165776 bytes for Chunk::new
# Possible reasons:
#   The system is out of physical RAM or swap space
#   The process is running with CompressedOops enabled, and the Java Heap may be blocking the growth of the native heap
# Possible solutions:
#   Reduce memory load on the system
#   Increase physical memory or swap space
#   Check if swap backing store is full
#   Decrease Java heap size (-Xmx/-Xms)
#   Decrease number of Java threads
#   Decrease Java thread stack sizes (-Xss)
#   Set larger code cache with -XX:ReservedCodeCacheSize=
#   JVM is running with Unscaled Compressed Oops mode in which the Java heap is
#     placed in the first 4GB address space. The Java Heap base address is the
#     maximum limit for the native heap growth. Please use -XX:HeapBaseMinAddress
#     to set the Java Heap base and to place the Java Heap above 4GB virtual address.
# This output file may be truncated or incomplete.
#
#  Out of Memory Error (arena.cpp:189), pid=6020, tid=8460
#
# JRE version: Java(TM) SE Runtime Environment (17.0.16+12) (build 17.0.16+12-LTS-247)
# Java VM: Java HotSpot(TM) 64-Bit Server VM (17.0.16+12-LTS-247, mixed mode, sharing, tiered, compressed oops, compressed class ptrs, g1 gc, windows-amd64)
# No core dump will be written. Minidumps are not enabled by default on client versions of Windows
#

---------------  S U M M A R Y ------------

Command Line: -Xmx64m -Xms64m -Dorg.gradle.appname=gradlew D:\GITHUB\reactNativeCalculator\android\\gradle\wrapper\gradle-wrapper.jar app:installDebug -PreactNativeDevServerPort=8081

Host: AMD A10-7860K Radeon R7, 12 Compute Cores 4C+8G, 4 cores, 13G,  Windows 11 , 64 bit Build 26100 (10.0.26100.7019)
Time: Sun Dec  7 18:07:41 2025 Hora estándar de Argentina elapsed time: 3.947511 seconds (0d 0h 0m 3s)

---------------  T H R E A D  ---------------

Current thread (0x0000023e23b8b430):  JavaThread "C2 CompilerThread0" daemon [_thread_in_native, id=8460, stack(0x000000a4ad500000,0x000000a4ad600000)]


Current CompileTask:
C2:   3947  966   !   4       jdk.internal.loader.URLClassPath$JarLoader::getResource (65 bytes)

Stack: [0x000000a4ad500000,0x000000a4ad600000]
Native frames: (J=compiled Java code, j=interpreted, Vv=VM code, C=native code)
V  [jvm.dll+0x67a46a]
V  [jvm.dll+0x7da77d]
V  [jvm.dll+0x7dc0c3]
V  [jvm.dll+0x7dc733]
V  [jvm.dll+0x24523f]
V  [jvm.dll+0xab763]
V  [jvm.dll+0xabd2c]
V  [jvm.dll+0x2aa6df]
V  [jvm.dll+0x5822c9]
V  [jvm.dll+0x21f5d2]
V  [jvm.dll+0x21852b]
V  [jvm.dll+0x215d15]
V  [jvm.dll+0x1a2a00]
V  [jvm.dll+0x2262bb]
V  [jvm.dll+0x22445b]
V  [jvm.dll+0x790b9c]
V  [jvm.dll+0x78b18a]
V  [jvm.dll+0x679355]
C  [ucrtbase.dll+0x37b0]
C  [KERNEL32.DLL+0x2e8d7]
C  [ntdll.dll+0x8c53c]


---------------  P R O C E S S  ---------------

Threads class SMR info:
_java_thread_list=0x0000023e7ed7c010, length=12, elements={
0x0000023e2191ea70, 0x0000023e23b72080, 0x0000023e23b732e0, 0x0000023e23b88940,
0x0000023e23b89200, 0x0000023e23b89ac0, 0x0000023e23b8a380, 0x0000023e23b8b430,
0x0000023e23b94830, 0x0000023e3ca91530, 0x0000023e7e058f70, 0x0000023e7e060700
}

Java Threads: ( => current thread )
  0x0000023e2191ea70 JavaThread "main" [_thread_in_native, id=16472, stack(0x000000a4ac800000,0x000000a4ac900000)]
  0x0000023e23b72080 JavaThread "Reference Handler" daemon [_thread_blocked, id=6116, stack(0x000000a4acf00000,0x000000a4ad000000)]
  0x0000023e23b732e0 JavaThread "Finalizer" daemon [_thread_blocked, id=6336, stack(0x000000a4ad000000,0x000000a4ad100000)]
  0x0000023e23b88940 JavaThread "Signal Dispatcher" daemon [_thread_blocked, id=2676, stack(0x000000a4ad100000,0x000000a4ad200000)]
  0x0000023e23b89200 JavaThread "Attach Listener" daemon [_thread_blocked, id=2400, stack(0x000000a4ad200000,0x000000a4ad300000)]
  0x0000023e23b89ac0 JavaThread "Service Thread" daemon [_thread_blocked, id=15956, stack(0x000000a4ad300000,0x000000a4ad400000)]
  0x0000023e23b8a380 JavaThread "Monitor Deflation Thread" daemon [_thread_blocked, id=10880, stack(0x000000a4ad400000,0x000000a4ad500000)]
=>0x0000023e23b8b430 JavaThread "C2 CompilerThread0" daemon [_thread_in_native, id=8460, stack(0x000000a4ad500000,0x000000a4ad600000)]
  0x0000023e23b94830 JavaThread "C1 CompilerThread0" daemon [_thread_blocked, id=10936, stack(0x000000a4ad600000,0x000000a4ad700000)]
  0x0000023e3ca91530 JavaThread "Sweeper thread" daemon [_thread_blocked, id=14380, stack(0x000000a4ad700000,0x000000a4ad800000)]
  0x0000023e7e058f70 JavaThread "Notification Thread" daemon [_thread_blocked, id=17040, stack(0x000000a4ad800000,0x000000a4ad900000)]
  0x0000023e7e060700 JavaThread "Common-Cleaner" daemon [_thread_blocked, id=648, stack(0x000000a4ada00000,0x000000a4adb00000)]

Other Threads:
  0x0000023e23b6ab10 VMThread "VM Thread" [stack: 0x000000a4ace00000,0x000000a4acf00000] [id=7548]
  0x0000023e7e059440 WatcherThread [stack: 0x000000a4ad900000,0x000000a4ada00000] [id=12672]
  0x0000023e23af5920 GCTaskThread "GC Thread#0" [stack: 0x000000a4ac900000,0x000000a4aca00000] [id=14376]
  0x0000023e7e2dae00 GCTaskThread "GC Thread#1" [stack: 0x000000a4adb00000,0x000000a4adc00000] [id=17256]
  0x0000023e7e2dfc90 GCTaskThread "GC Thread#2" [stack: 0x000000a4adc00000,0x000000a4add00000] [id=8720]
  0x0000023e7e2dff50 GCTaskThread "GC Thread#3" [stack: 0x000000a4add00000,0x000000a4ade00000] [id=12832]
  0x0000023e23af6f80 ConcurrentGCThread "G1 Main Marker" [stack: 0x000000a4aca00000,0x000000a4acb00000] [id=16140]
  0x0000023e23af78a0 ConcurrentGCThread "G1 Conc#0" [stack: 0x000000a4acb00000,0x000000a4acc00000] [id=4884]
  0x0000023e23b47d80 ConcurrentGCThread "G1 Refine#0" [stack: 0x000000a4acc00000,0x000000a4acd00000] [id=15236]
  0x0000023e23b52590 ConcurrentGCThread "G1 Service" [stack: 0x000000a4acd00000,0x000000a4ace00000] [id=11580]

Threads with active compile tasks:
C2 CompilerThread0     4010  966   !   4       jdk.internal.loader.URLClassPath$JarLoader::getResource (65 bytes)

VM state: not at safepoint (normal execution)

VM Mutex/Monitor currently owned by a thread: None

Heap address: 0x00000000fc000000, size: 64 MB, Compressed Oops mode: 32-bit

CDS archive(s) mapped at: [0x0000023e3d000000-0x0000023e3dbd0000-0x0000023e3dbd0000), size 12386304, SharedBaseAddress: 0x0000023e3d000000, ArchiveRelocationMode: 1.
Compressed class space mapped at: 0x0000023e3e000000-0x0000023e7e000000, reserved size: 1073741824
Narrow klass base: 0x0000023e3d000000, Narrow klass shift: 0, Narrow klass range: 0x100000000

GC Precious Log:
 CPUs: 4 total, 4 available
 Memory: 14298M
 Large Page Support: Disabled
 NUMA Support: Disabled
 Compressed Oops: Enabled (32-bit)
 Heap Region Size: 1M
 Heap Min Capacity: 64M
 Heap Initial Capacity: 64M
 Heap Max Capacity: 64M
 Pre-touch: Disabled
 Parallel Workers: 4
 Concurrent Workers: 1
 Concurrent Refinement Workers: 4
 Periodic GC: Disabled

Heap:
 garbage-first heap   total 65536K, used 16583K [0x00000000fc000000, 0x0000000100000000)
  region size 1024K, 11 young (11264K), 3 survivors (3072K)
 Metaspace       used 4330K, committed 4480K, reserved 1114112K
  class space    used 526K, committed 640K, reserved 1048576K

Heap Regions: E=young(eden), S=young(survivor), O=old, HS=humongous(starts), HC=humongous(continues), CS=collection set, F=free, OA=open archive, CA=closed archive, TAMS=top-at-mark-start (previous, next)
|   0|0x00000000fc000000, 0x00000000fc100000, 0x00000000fc100000|100%|HS|  |TAMS 0x00000000fc000000, 0x00000000fc000000| Complete 
|   1|0x00000000fc100000, 0x00000000fc200000, 0x00000000fc200000|100%|HC|  |TAMS 0x00000000fc100000, 0x00000000fc100000| Complete 
|   2|0x00000000fc200000, 0x00000000fc300000, 0x00000000fc300000|100%|HC|  |TAMS 0x00000000fc200000, 0x00000000fc200000| Complete 
|   3|0x00000000fc300000, 0x00000000fc400000, 0x00000000fc400000|100%| O|  |TAMS 0x00000000fc300000, 0x00000000fc300000| Untracked 
|   4|0x00000000fc400000, 0x00000000fc500000, 0x00000000fc500000|100%| O|  |TAMS 0x00000000fc400000, 0x00000000fc400000| Untracked 
|   5|0x00000000fc500000, 0x00000000fc600000, 0x00000000fc600000|100%| O|  |TAMS 0x00000000fc500000, 0x00000000fc500000| Untracked 
|   6|0x00000000fc600000, 0x00000000fc631c00, 0x00000000fc700000| 19%| O|  |TAMS 0x00000000fc600000, 0x00000000fc600000| Untracked 
|   7|0x00000000fc700000, 0x00000000fc700000, 0x00000000fc800000|  0%| F|  |TAMS 0x00000000fc700000, 0x00000000fc700000| Untracked 
|   8|0x00000000fc800000, 0x00000000fc800000, 0x00000000fc900000|  0%| F|  |TAMS 0x00000000fc800000, 0x00000000fc800000| Untracked 
|   9|0x00000000fc900000, 0x00000000fc900000, 0x00000000fca00000|  0%| F|  |TAMS 0x00000000fc900000, 0x00000000fc900000| Untracked 
|  10|0x00000000fca00000, 0x00000000fca00000, 0x00000000fcb00000|  0%| F|  |TAMS 0x00000000fca00000, 0x00000000fca00000| Untracked 
|  11|0x00000000fcb00000, 0x00000000fcb00000, 0x00000000fcc00000|  0%| F|  |TAMS 0x00000000fcb00000, 0x00000000fcb00000| Untracked 
|  12|0x00000000fcc00000, 0x00000000fcc00000, 0x00000000fcd00000|  0%| F|  |TAMS 0x00000000fcc00000, 0x00000000fcc00000| Untracked 
|  13|0x00000000fcd00000, 0x00000000fcd00000, 0x00000000fce00000|  0%| F|  |TAMS 0x00000000fcd00000, 0x00000000fcd00000| Untracked 
|  14|0x00000000fce00000, 0x00000000fce00000, 0x00000000fcf00000|  0%| F|  |TAMS 0x00000000fce00000, 0x00000000fce00000| Untracked 
|  15|0x00000000fcf00000, 0x00000000fcf00000, 0x00000000fd000000|  0%| F|  |TAMS 0x00000000fcf00000, 0x00000000fcf00000| Untracked 
|  16|0x00000000fd000000, 0x00000000fd000000, 0x00000000fd100000|  0%| F|  |TAMS 0x00000000fd000000, 0x00000000fd000000| Untracked 
|  17|0x00000000fd100000, 0x00000000fd100000, 0x00000000fd200000|  0%| F|  |TAMS 0x00000000fd100000, 0x00000000fd100000| Untracked 
|  18|0x00000000fd200000, 0x00000000fd200000, 0x00000000fd300000|  0%| F|  |TAMS 0x00000000fd200000, 0x00000000fd200000| Untracked 
|  19|0x00000000fd300000, 0x00000000fd300000, 0x00000000fd400000|  0%| F|  |TAMS 0x00000000fd300000, 0x00000000fd300000| Untracked 
|  20|0x00000000fd400000, 0x00000000fd400000, 0x00000000fd500000|  0%| F|  |TAMS 0x00000000fd400000, 0x00000000fd400000| Untracked 
|  21|0x00000000fd500000, 0x00000000fd500000, 0x00000000fd600000|  0%| F|  |TAMS 0x00000000fd500000, 0x00000000fd500000| Untracked 
|  22|0x00000000fd600000, 0x00000000fd600000, 0x00000000fd700000|  0%| F|  |TAMS 0x00000000fd600000, 0x00000000fd600000| Untracked 
|  23|0x00000000fd700000, 0x00000000fd700000, 0x00000000fd800000|  0%| F|  |TAMS 0x00000000fd700000, 0x00000000fd700000| Untracked 
|  24|0x00000000fd800000, 0x00000000fd800000, 0x00000000fd900000|  0%| F|  |TAMS 0x00000000fd800000, 0x00000000fd800000| Untracked 
|  25|0x00000000fd900000, 0x00000000fd900000, 0x00000000fda00000|  0%| F|  |TAMS 0x00000000fd900000, 0x00000000fd900000| Untracked 
|  26|0x00000000fda00000, 0x00000000fda00000, 0x00000000fdb00000|  0%| F|  |TAMS 0x00000000fda00000, 0x00000000fda00000| Untracked 
|  27|0x00000000fdb00000, 0x00000000fdb00000, 0x00000000fdc00000|  0%| F|  |TAMS 0x00000000fdb00000, 0x00000000fdb00000| Untracked 
|  28|0x00000000fdc00000, 0x00000000fdc00000, 0x00000000fdd00000|  0%| F|  |TAMS 0x00000000fdc00000, 0x00000000fdc00000| Untracked 
|  29|0x00000000fdd00000, 0x00000000fdd00000, 0x00000000fde00000|  0%| F|  |TAMS 0x00000000fdd00000, 0x00000000fdd00000| Untracked 
|  30|0x00000000fde00000, 0x00000000fde00000, 0x00000000fdf00000|  0%| F|  |TAMS 0x00000000fde00000, 0x00000000fde00000| Untracked 
|  31|0x00000000fdf00000, 0x00000000fdf00000, 0x00000000fe000000|  0%| F|  |TAMS 0x00000000fdf00000, 0x00000000fdf00000| Untracked 
|  32|0x00000000fe000000, 0x00000000fe000000, 0x00000000fe100000|  0%| F|  |TAMS 0x00000000fe000000, 0x00000000fe000000| Untracked 
|  33|0x00000000fe100000, 0x00000000fe100000, 0x00000000fe200000|  0%| F|  |TAMS 0x00000000fe100000, 0x00000000fe100000| Untracked 
|  34|0x00000000fe200000, 0x00000000fe200000, 0x00000000fe300000|  0%| F|  |TAMS 0x00000000fe200000, 0x00000000fe200000| Untracked 
|  35|0x00000000fe300000, 0x00000000fe300000, 0x00000000fe400000|  0%| F|  |TAMS 0x00000000fe300000, 0x00000000fe300000| Untracked 
|  36|0x00000000fe400000, 0x00000000fe400000, 0x00000000fe500000|  0%| F|  |TAMS 0x00000000fe400000, 0x00000000fe400000| Untracked 
|  37|0x00000000fe500000, 0x00000000fe500000, 0x00000000fe600000|  0%| F|  |TAMS 0x00000000fe500000, 0x00000000fe500000| Untracked 
|  38|0x00000000fe600000, 0x00000000fe600000, 0x00000000fe700000|  0%| F|  |TAMS 0x00000000fe600000, 0x00000000fe600000| Untracked 
|  39|0x00000000fe700000, 0x00000000fe700000, 0x00000000fe800000|  0%| F|  |TAMS 0x00000000fe700000, 0x00000000fe700000| Untracked 
|  40|0x00000000fe800000, 0x00000000fe800000, 0x00000000fe900000|  0%| F|  |TAMS 0x00000000fe800000, 0x00000000fe800000| Untracked 
|  41|0x00000000fe900000, 0x00000000fea00000, 0x00000000fea00000|100%| S|CS|TAMS 0x00000000fe900000, 0x00000000fe900000| Complete 
|  42|0x00000000fea00000, 0x00000000feb00000, 0x00000000feb00000|100%| S|CS|TAMS 0x00000000fea00000, 0x00000000fea00000| Complete 
|  43|0x00000000feb00000, 0x00000000fec00000, 0x00000000fec00000|100%| S|CS|TAMS 0x00000000feb00000, 0x00000000feb00000| Complete 
|  44|0x00000000fec00000, 0x00000000fec00000, 0x00000000fed00000|  0%| F|  |TAMS 0x00000000fec00000, 0x00000000fec00000| Untracked 
|  45|0x00000000fed00000, 0x00000000fed00000, 0x00000000fee00000|  0%| F|  |TAMS 0x00000000fed00000, 0x00000000fed00000| Untracked 
|  46|0x00000000fee00000, 0x00000000fee00000, 0x00000000fef00000|  0%| F|  |TAMS 0x00000000fee00000, 0x00000000fee00000| Untracked 
|  47|0x00000000fef00000, 0x00000000fef00000, 0x00000000ff000000|  0%| F|  |TAMS 0x00000000fef00000, 0x00000000fef00000| Untracked 
|  48|0x00000000ff000000, 0x00000000ff000000, 0x00000000ff100000|  0%| F|  |TAMS 0x00000000ff000000, 0x00000000ff000000| Untracked 
|  49|0x00000000ff100000, 0x00000000ff100000, 0x00000000ff200000|  0%| F|  |TAMS 0x00000000ff100000, 0x00000000ff100000| Untracked 
|  50|0x00000000ff200000, 0x00000000ff200000, 0x00000000ff300000|  0%| F|  |TAMS 0x00000000ff200000, 0x00000000ff200000| Untracked 
|  51|0x00000000ff300000, 0x00000000ff300000, 0x00000000ff400000|  0%| F|  |TAMS 0x00000000ff300000, 0x00000000ff300000| Untracked 
|  52|0x00000000ff400000, 0x00000000ff400000, 0x00000000ff500000|  0%| F|  |TAMS 0x00000000ff400000, 0x00000000ff400000| Untracked 
|  53|0x00000000ff500000, 0x00000000ff500000, 0x00000000ff600000|  0%| F|  |TAMS 0x00000000ff500000, 0x00000000ff500000| Untracked 
|  54|0x00000000ff600000, 0x00000000ff600000, 0x00000000ff700000|  0%| F|  |TAMS 0x00000000ff600000, 0x00000000ff600000| Untracked 
|  55|0x00000000ff700000, 0x00000000ff700000, 0x00000000ff800000|  0%| F|  |TAMS 0x00000000ff700000, 0x00000000ff700000| Untracked 
|  56|0x00000000ff800000, 0x00000000ff880800, 0x00000000ff900000| 50%| E|  |TAMS 0x00000000ff800000, 0x00000000ff800000| Complete 
|  57|0x00000000ff900000, 0x00000000ffa00000, 0x00000000ffa00000|100%| E|CS|TAMS 0x00000000ff900000, 0x00000000ff900000| Complete 
|  58|0x00000000ffa00000, 0x00000000ffb00000, 0x00000000ffb00000|100%| E|CS|TAMS 0x00000000ffa00000, 0x00000000ffa00000| Complete 
|  59|0x00000000ffb00000, 0x00000000ffc00000, 0x00000000ffc00000|100%| E|CS|TAMS 0x00000000ffb00000, 0x00000000ffb00000| Complete 
|  60|0x00000000ffc00000, 0x00000000ffd00000, 0x00000000ffd00000|100%| E|CS|TAMS 0x00000000ffc00000, 0x00000000ffc00000| Complete 
|  61|0x00000000ffd00000, 0x00000000ffe00000, 0x00000000ffe00000|100%| E|CS|TAMS 0x00000000ffd00000, 0x00000000ffd00000| Complete 
|  62|0x00000000ffe00000, 0x00000000fff00000, 0x00000000fff00000|100%| E|CS|TAMS 0x00000000ffe00000, 0x00000000ffe00000| Complete 
|  63|0x00000000fff00000, 0x0000000100000000, 0x0000000100000000|100%| E|CS|TAMS 0x00000000fff00000, 0x00000000fff00000| Complete 

Card table byte_map: [0x0000023e238f0000,0x0000023e23910000] _byte_map_base: 0x0000023e23110000

Marking Bits (Prev, Next): (CMBitMap*) 0x0000023e23af5e50, (CMBitMap*) 0x0000023e23af5e90
 Prev Bits: [0x0000023e23930000, 0x0000023e23a30000)
 Next Bits: [0x0000023e3a3c0000, 0x0000023e3a4c0000)

Polling page: 0x0000023e21e60000

Metaspace:

Usage:
  Non-class:      3.72 MB used.
      Class:    526.38 KB used.
       Both:      4.23 MB used.

Virtual space:
  Non-class space:       64.00 MB reserved,       3.75 MB (  6%) committed,  1 nodes.
      Class space:        1.00 GB reserved,     640.00 KB ( <1%) committed,  1 nodes.
             Both:        1.06 GB reserved,       4.38 MB ( <1%) committed. 

Chunk freelists:
   Non-Class:  10.44 MB
       Class:  15.42 MB
        Both:  25.86 MB

MaxMetaspaceSize: unlimited
CompressedClassSpaceSize: 1.00 GB
Initial GC threshold: 21.00 MB
Current GC threshold: 21.00 MB
CDS: on
MetaspaceReclaimPolicy: balanced
 - commit_granule_bytes: 65536.
 - commit_granule_words: 8192.
 - virtual_space_node_default_size: 8388608.
 - enlarge_chunks_in_place: 1.
 - new_chunks_are_fully_committed: 0.
 - uncommit_free_chunks: 1.
 - use_allocation_guard: 0.
 - handle_deallocations: 1.


Internal statistics:

num_allocs_failed_limit: 0.
num_arena_births: 24.
num_arena_deaths: 0.
num_vsnodes_births: 2.
num_vsnodes_deaths: 0.
num_space_committed: 70.
num_space_uncommitted: 0.
num_chunks_returned_to_freelist: 0.
num_chunks_taken_from_freelist: 120.
num_chunk_merges: 0.
num_chunk_splits: 75.
num_chunks_enlarged: 70.
num_inconsistent_stats: 0.

CodeHeap 'non-profiled nmethods': size=120000Kb used=470Kb max_used=470Kb free=119529Kb
 bounds [0x0000023e32e90000, 0x0000023e33100000, 0x0000023e3a3c0000]
CodeHeap 'profiled nmethods': size=120000Kb used=2015Kb max_used=2015Kb free=117984Kb
 bounds [0x0000023e2b3c0000, 0x0000023e2b630000, 0x0000023e328f0000]
CodeHeap 'non-nmethods': size=5760Kb used=1126Kb max_used=1145Kb free=4633Kb
 bounds [0x0000023e328f0000, 0x0000023e32b60000, 0x0000023e32e90000]
 total_blobs=1435 nmethods=1026 adapters=323
 compilation: enabled
              stopped_count=0, restarted_count=0
 full_count=0

Compilation events (20 events):
Event: 3.717 Thread 0x0000023e23b94830  981       3       java.util.zip.ZipFile::getZipEntry (322 bytes)
Event: 3.720 Thread 0x0000023e23b94830 nmethod 981 0x0000023e2b595410 code [0x0000023e2b595880, 0x0000023e2b597f98]
Event: 3.720 Thread 0x0000023e23b94830  980       3       java.util.zip.ZipUtils::CH (8 bytes)
Event: 3.720 Thread 0x0000023e23b94830 nmethod 980 0x0000023e2b598e10 code [0x0000023e2b598fa0, 0x0000023e2b5990b8]
Event: 3.720 Thread 0x0000023e23b94830  974       3       java.util.jar.JarFile::entryFor (10 bytes)
Event: 3.720 Thread 0x0000023e23b94830 nmethod 974 0x0000023e2b599190 code [0x0000023e2b599340, 0x0000023e2b599688]
Event: 3.720 Thread 0x0000023e23b94830  975       3       java.util.jar.JarFile$JarFileEntry::<init> (16 bytes)
Event: 3.720 Thread 0x0000023e23b94830 nmethod 975 0x0000023e2b599810 code [0x0000023e2b5999c0, 0x0000023e2b599c28]
Event: 3.720 Thread 0x0000023e23b94830  976       3       java.util.jar.JarEntry::<init> (6 bytes)
Event: 3.721 Thread 0x0000023e23b94830 nmethod 976 0x0000023e2b599d10 code [0x0000023e2b599ea0, 0x0000023e2b599fe8]
Event: 3.735 Thread 0x0000023e23b94830  982   !   3       jdk.internal.loader.URLClassPath$JarLoader::checkResource (78 bytes)
Event: 3.736 Thread 0x0000023e23b94830 nmethod 982 0x0000023e2b59a090 code [0x0000023e2b59a2e0, 0x0000023e2b59ad08]
Event: 3.736 Thread 0x0000023e23b94830  983       3       jdk.internal.loader.URLClassPath$JarLoader$2::<init> (31 bytes)
Event: 3.736 Thread 0x0000023e23b94830 nmethod 983 0x0000023e2b59b190 code [0x0000023e2b59b340, 0x0000023e2b59b6b8]
Event: 3.736 Thread 0x0000023e23b94830  984       3       jdk.internal.loader.Resource::<init> (5 bytes)
Event: 3.736 Thread 0x0000023e23b94830 nmethod 984 0x0000023e2b59b790 code [0x0000023e2b59b920, 0x0000023e2b59ba78]
Event: 3.747 Thread 0x0000023e23b8b430 nmethod 965 0x0000023e32f00710 code [0x0000023e32f00960, 0x0000023e32f01fb0]
Event: 3.747 Thread 0x0000023e23b8b430  966   !   4       jdk.internal.loader.URLClassPath$JarLoader::getResource (65 bytes)
Event: 3.747 Thread 0x0000023e23b94830  986       3       jdk.internal.org.objectweb.asm.ByteVector::put122 (93 bytes)
Event: 3.748 Thread 0x0000023e23b94830 nmethod 986 0x0000023e2b59bb10 code [0x0000023e2b59bcc0, 0x0000023e2b59bf48]

GC Heap History (4 events):
Event: 1.334 GC heap before
{Heap before GC invocations=0 (full 0):
 garbage-first heap   total 65536K, used 12288K [0x00000000fc000000, 0x0000000100000000)
  region size 1024K, 13 young (13312K), 0 survivors (0K)
 Metaspace       used 1665K, committed 1792K, reserved 1114112K
  class space    used 155K, committed 192K, reserved 1048576K
}
Event: 1.340 GC heap after
{Heap after GC invocations=1 (full 0):
 garbage-first heap   total 65536K, used 1480K [0x00000000fc000000, 0x0000000100000000)
  region size 1024K, 2 young (2048K), 2 survivors (2048K)
 Metaspace       used 1665K, committed 1792K, reserved 1114112K
  class space    used 155K, committed 192K, reserved 1048576K
}
Event: 3.066 GC heap before
{Heap before GC invocations=1 (full 0):
 garbage-first heap   total 65536K, used 21960K [0x00000000fc000000, 0x0000000100000000)
  region size 1024K, 20 young (20480K), 2 survivors (2048K)
 Metaspace       used 2322K, committed 2496K, reserved 1114112K
  class space    used 223K, committed 320K, reserved 1048576K
}
Event: 3.073 GC heap after
{Heap after GC invocations=2 (full 0):
 garbage-first heap   total 65536K, used 9415K [0x00000000fc000000, 0x0000000100000000)
  region size 1024K, 3 young (3072K), 3 survivors (3072K)
 Metaspace       used 2322K, committed 2496K, reserved 1114112K
  class space    used 223K, committed 320K, reserved 1048576K
}

Deoptimization events (20 events):
Event: 3.623 Thread 0x0000023e2191ea70 Uncommon trap: trap_request=0xffffff45 fr.pc=0x0000023e32ebfb90 relative=0x0000000000000950
Event: 3.623 Thread 0x0000023e2191ea70 Uncommon trap: reason=unstable_if action=reinterpret pc=0x0000023e32ebfb90 method=java.util.regex.Matcher.reset()Ljava/util/regex/Matcher; @ 47 c2
Event: 3.623 Thread 0x0000023e2191ea70 DEOPT PACKING pc=0x0000023e32ebfb90 sp=0x000000a4ac8fd9e0
Event: 3.623 Thread 0x0000023e2191ea70 DEOPT UNPACKING pc=0x0000023e329423a3 sp=0x000000a4ac8fd928 mode 2
Event: 3.623 Thread 0x0000023e2191ea70 Uncommon trap: trap_request=0xffffffde fr.pc=0x0000023e32eb0ab4 relative=0x0000000000000374
Event: 3.623 Thread 0x0000023e2191ea70 Uncommon trap: reason=class_check action=maybe_recompile pc=0x0000023e32eb0ab4 method=java.util.regex.Matcher.match(II)Z @ 121 c2
Event: 3.623 Thread 0x0000023e2191ea70 DEOPT PACKING pc=0x0000023e32eb0ab4 sp=0x000000a4ac8fda10
Event: 3.623 Thread 0x0000023e2191ea70 DEOPT UNPACKING pc=0x0000023e329423a3 sp=0x000000a4ac8fd9b8 mode 2
Event: 3.625 Thread 0x0000023e2191ea70 Uncommon trap: trap_request=0xffffff45 fr.pc=0x0000023e32eb0364 relative=0x00000000000001c4
Event: 3.625 Thread 0x0000023e2191ea70 Uncommon trap: reason=unstable_if action=reinterpret pc=0x0000023e32eb0364 method=java.util.regex.Matcher.reset()Ljava/util/regex/Matcher; @ 47 c2
Event: 3.625 Thread 0x0000023e2191ea70 DEOPT PACKING pc=0x0000023e32eb0364 sp=0x000000a4ac8fd820
Event: 3.625 Thread 0x0000023e2191ea70 DEOPT UNPACKING pc=0x0000023e329423a3 sp=0x000000a4ac8fd7b0 mode 2
Event: 3.625 Thread 0x0000023e2191ea70 Uncommon trap: trap_request=0xffffffde fr.pc=0x0000023e32eb0ab4 relative=0x0000000000000374
Event: 3.625 Thread 0x0000023e2191ea70 Uncommon trap: reason=class_check action=maybe_recompile pc=0x0000023e32eb0ab4 method=java.util.regex.Matcher.match(II)Z @ 121 c2
Event: 3.625 Thread 0x0000023e2191ea70 DEOPT PACKING pc=0x0000023e32eb0ab4 sp=0x000000a4ac8fd890
Event: 3.625 Thread 0x0000023e2191ea70 DEOPT UNPACKING pc=0x0000023e329423a3 sp=0x000000a4ac8fd838 mode 2
Event: 3.625 Thread 0x0000023e2191ea70 Uncommon trap: trap_request=0xffffffde fr.pc=0x0000023e32eb0ab4 relative=0x0000000000000374
Event: 3.625 Thread 0x0000023e2191ea70 Uncommon trap: reason=class_check action=maybe_recompile pc=0x0000023e32eb0ab4 method=java.util.regex.Matcher.match(II)Z @ 121 c2
Event: 3.625 Thread 0x0000023e2191ea70 DEOPT PACKING pc=0x0000023e32eb0ab4 sp=0x000000a4ac8fd890
Event: 3.625 Thread 0x0000023e2191ea70 DEOPT UNPACKING pc=0x0000023e329423a3 sp=0x000000a4ac8fd838 mode 2

Classes unloaded (0 events):
No events

Classes redefined (0 events):
No events

Internal exceptions (3 events):
Event: 0.438 Thread 0x0000023e2191ea70 Exception <a 'java/lang/NoSuchMethodError'{0x00000000ffded728}: 'int java.lang.invoke.DirectMethodHandle$Holder.invokeStaticInit(java.lang.Object, java.lang.Object)'> (0x00000000ffded728) 
thrown [s\open\src\hotspot\share\interpreter\linkResolver.cpp, line 759]
Event: 3.371 Thread 0x0000023e2191ea70 Exception <a 'java/lang/NoSuchMethodError'{0x00000000ffdc26f8}: 'int java.lang.invoke.DirectMethodHandle$Holder.invokeStatic(java.lang.Object, java.lang.Object, int)'> (0x00000000ffdc26f8) 
thrown [s\open\src\hotspot\share\interpreter\linkResolver.cpp, line 759]
Event: 3.747 Thread 0x0000023e2191ea70 Exception <a 'java/lang/NoSuchMethodError'{0x00000000ff96a688}: 'java.lang.Object java.lang.invoke.DirectMethodHandle$Holder.invokeStaticInit(java.lang.Object)'> (0x00000000ff96a688) 
thrown [s\open\src\hotspot\share\interpreter\linkResolver.cpp, line 759]

VM Operations (16 events):
Event: 0.169 Executing VM operation: HandshakeAllThreads
Event: 0.169 Executing VM operation: HandshakeAllThreads done
Event: 1.174 Executing VM operation: Cleanup
Event: 1.192 Executing VM operation: Cleanup done
Event: 1.333 Executing VM operation: G1CollectForAllocation
Event: 1.340 Executing VM operation: G1CollectForAllocation done
Event: 2.349 Executing VM operation: Cleanup
Event: 2.350 Executing VM operation: Cleanup done
Event: 3.065 Executing VM operation: G1CollectForAllocation
Event: 3.074 Executing VM operation: G1CollectForAllocation done
Event: 3.679 Executing VM operation: HandshakeAllThreads
Event: 3.679 Executing VM operation: HandshakeAllThreads done
Event: 3.688 Executing VM operation: HandshakeAllThreads
Event: 3.688 Executing VM operation: HandshakeAllThreads done
Event: 3.688 Executing VM operation: HandshakeAllThreads
Event: 3.688 Executing VM operation: HandshakeAllThreads done

Events (20 events):
Event: 3.686 loading class sun/net/www/protocol/jar/JarFileFactory
Event: 3.686 loading class sun/net/www/protocol/jar/URLJarFile$URLJarFileCloseController
Event: 3.686 loading class sun/net/www/protocol/jar/URLJarFile$URLJarFileCloseController done
Event: 3.686 loading class sun/net/www/protocol/jar/JarFileFactory done
Event: 3.687 loading class sun/net/www/protocol/jar/URLJarFile
Event: 3.688 loading class sun/net/www/protocol/jar/URLJarFile done
Event: 3.689 loading class sun/net/www/protocol/jar/URLJarFile$URLJarFileEntry
Event: 3.689 loading class sun/net/www/protocol/jar/URLJarFile$URLJarFileEntry done
Event: 3.689 loading class sun/net/www/protocol/jar/JarURLConnection$JarURLInputStream
Event: 3.690 loading class sun/net/www/protocol/jar/JarURLConnection$JarURLInputStream done
Event: 3.746 loading class java/lang/management/ManagementFactory
Event: 3.747 loading class java/lang/management/ManagementFactory done
Event: 3.754 Loaded shared library C:\Program Files\Java\jdk-17\bin\management.dll
Event: 3.767 loading class java/lang/management/RuntimeMXBean
Event: 3.767 loading class java/lang/management/PlatformManagedObject
Event: 3.767 loading class java/lang/management/PlatformManagedObject done
Event: 3.767 loading class java/lang/management/RuntimeMXBean done
Event: 3.767 loading class java/lang/management/ManagementFactory$PlatformMBeanFinder
Event: 3.767 loading class java/lang/management/ManagementFactory$PlatformMBeanFinder done
Event: 3.767 loading class java/lang/management/ManagementFactory$PlatformMBeanFinder$1


Dynamic libraries:
0x00007ff6e8770000 - 0x00007ff6e8780000 	C:\Program Files\Java\jdk-17\bin\java.exe
0x00007ffc789a0000 - 0x00007ffc78c08000 	C:\WINDOWS\SYSTEM32\ntdll.dll
0x00007ffc77990000 - 0x00007ffc77a59000 	C:\WINDOWS\System32\KERNEL32.DLL
0x00007ffc75af0000 - 0x00007ffc75ee8000 	C:\WINDOWS\System32\KERNELBASE.dll
0x00007ffc76400000 - 0x00007ffc7654b000 	C:\WINDOWS\System32\ucrtbase.dll
0x00007ffc62c10000 - 0x00007ffc62c2b000 	C:\Program Files\Java\jdk-17\bin\VCRUNTIME140.dll
0x00007ffc691f0000 - 0x00007ffc69209000 	C:\Program Files\Java\jdk-17\bin\jli.dll
0x00007ffc77a60000 - 0x00007ffc77b14000 	C:\WINDOWS\System32\ADVAPI32.dll
0x00007ffc771c0000 - 0x00007ffc77269000 	C:\WINDOWS\System32\msvcrt.dll
0x00007ffc77c10000 - 0x00007ffc77cb6000 	C:\WINDOWS\System32\sechost.dll
0x00007ffc77280000 - 0x00007ffc77398000 	C:\WINDOWS\System32\RPCRT4.dll
0x00007ffc77cc0000 - 0x00007ffc77e87000 	C:\WINDOWS\System32\USER32.dll
0x00007ffc76710000 - 0x00007ffc76737000 	C:\WINDOWS\System32\win32u.dll
0x00007ffc76740000 - 0x00007ffc7676b000 	C:\WINDOWS\System32\GDI32.dll
0x00007ffc76550000 - 0x00007ffc7667c000 	C:\WINDOWS\System32\gdi32full.dll
0x00007ffc76120000 - 0x00007ffc761c3000 	C:\WINDOWS\System32\msvcp_win.dll
0x00007ffc5dc40000 - 0x00007ffc5ded4000 	C:\WINDOWS\WinSxS\amd64_microsoft.windows.common-controls_6595b64144ccf1df_6.0.26100.7019_none_3e06ffa0e335b8a8\COMCTL32.dll
0x00007ffc6fc10000 - 0x00007ffc6fc1b000 	C:\WINDOWS\SYSTEM32\VERSION.dll
0x00007ffc773a0000 - 0x00007ffc773d1000 	C:\WINDOWS\System32\IMM32.DLL
0x00007ffc6e450000 - 0x00007ffc6e45c000 	C:\Program Files\Java\jdk-17\bin\vcruntime140_1.dll
0x00007ffc44520000 - 0x00007ffc445ae000 	C:\Program Files\Java\jdk-17\bin\msvcp140.dll
0x00007ffc077e0000 - 0x00007ffc083c1000 	C:\Program Files\Java\jdk-17\bin\server\jvm.dll
0x00007ffc78000000 - 0x00007ffc78008000 	C:\WINDOWS\System32\PSAPI.DLL
0x00007ffc6f300000 - 0x00007ffc6f30a000 	C:\WINDOWS\SYSTEM32\WSOCK32.dll
0x00007ffc788e0000 - 0x00007ffc78954000 	C:\WINDOWS\System32\WS2_32.dll
0x00007ffc68fe0000 - 0x00007ffc69015000 	C:\WINDOWS\SYSTEM32\WINMM.dll
0x00007ffc748b0000 - 0x00007ffc748cb000 	C:\WINDOWS\SYSTEM32\kernel.appcore.dll
0x00007ffc6e240000 - 0x00007ffc6e24a000 	C:\Program Files\Java\jdk-17\bin\jimage.dll
0x00007ffc64c80000 - 0x00007ffc64ec2000 	C:\WINDOWS\SYSTEM32\DBGHELP.DLL
0x00007ffc773e0000 - 0x00007ffc7776b000 	C:\WINDOWS\System32\combase.dll
0x00007ffc76790000 - 0x00007ffc76867000 	C:\WINDOWS\System32\OLEAUT32.dll
0x00007ffc5d380000 - 0x00007ffc5d3bc000 	C:\WINDOWS\SYSTEM32\dbgcore.DLL
0x00007ffc76070000 - 0x00007ffc76115000 	C:\WINDOWS\System32\bcryptPrimitives.dll
0x00007ffc58a20000 - 0x00007ffc58a45000 	C:\Program Files\Java\jdk-17\bin\java.dll
0x00007ffc21820000 - 0x00007ffc218f7000 	C:\Program Files\Java\jdk-17\bin\jsvml.dll
0x00007ffc768d0000 - 0x00007ffc7701f000 	C:\WINDOWS\System32\SHELL32.dll
0x00007ffc761d0000 - 0x00007ffc7633b000 	C:\WINDOWS\System32\wintypes.dll
0x00007ffc73750000 - 0x00007ffc73fad000 	C:\WINDOWS\SYSTEM32\windows.storage.dll
0x00007ffc770c0000 - 0x00007ffc771b2000 	C:\WINDOWS\System32\SHCORE.dll
0x00007ffc77920000 - 0x00007ffc77987000 	C:\WINDOWS\System32\shlwapi.dll
0x00007ffc75a10000 - 0x00007ffc75a39000 	C:\WINDOWS\SYSTEM32\profapi.dll
0x00007ffc59950000 - 0x00007ffc59969000 	C:\Program Files\Java\jdk-17\bin\net.dll
0x00007ffc6f6d0000 - 0x00007ffc6f7f8000 	C:\WINDOWS\SYSTEM32\WINHTTP.dll
0x00007ffc74e20000 - 0x00007ffc74e8b000 	C:\WINDOWS\system32\mswsock.dll
0x00007ffc57990000 - 0x00007ffc579a6000 	C:\Program Files\Java\jdk-17\bin\nio.dll
0x00007ffc560f0000 - 0x00007ffc56108000 	C:\Program Files\Java\jdk-17\bin\zip.dll
0x00007ffc6ad00000 - 0x00007ffc6ad0a000 	C:\Program Files\Java\jdk-17\bin\management.dll
0x00007ffc67660000 - 0x00007ffc6766b000 	C:\Program Files\Java\jdk-17\bin\management_ext.dll

dbghelp: loaded successfully - version: 4.0.5 - missing functions: none
symbol engine: initialized successfully - sym options: 0x614 - pdb path: .;C:\Program Files\Java\jdk-17\bin;C:\WINDOWS\SYSTEM32;C:\WINDOWS\WinSxS\amd64_microsoft.windows.common-controls_6595b64144ccf1df_6.0.26100.7019_none_3e06ffa0e335b8a8;C:\Program Files\Java\jdk-17\bin\server

VM Arguments:
jvm_args: -Xmx64m -Xms64m -Dorg.gradle.appname=gradlew 
java_command: D:\GITHUB\reactNativeCalculator\android\\gradle\wrapper\gradle-wrapper.jar app:installDebug -PreactNativeDevServerPort=8081
java_class_path (initial): D:\GITHUB\reactNativeCalculator\android\\gradle\wrapper\gradle-wrapper.jar
Launcher Type: SUN_STANDARD

[Global flags]
     intx CICompilerCount                          = 3                                         {product} {ergonomic}
     uint ConcGCThreads                            = 1                                         {product} {ergonomic}
     uint G1ConcRefinementThreads                  = 4                                         {product} {ergonomic}
   size_t G1HeapRegionSize                         = 1048576                                   {product} {ergonomic}
    uintx GCDrainStackTargetSize                   = 64                                        {product} {ergonomic}
   size_t InitialHeapSize                          = 67108864                                  {product} {command line}
   size_t MarkStackSize                            = 4194304                                   {product} {ergonomic}
   size_t MaxHeapSize                              = 67108864                                  {product} {command line}
   size_t MaxNewSize                               = 39845888                                  {product} {ergonomic}
   size_t MinHeapDeltaBytes                        = 1048576                                   {product} {ergonomic}
   size_t MinHeapSize                              = 67108864                                  {product} {command line}
    uintx NonNMethodCodeHeapSize                   = 5832780                                {pd product} {ergonomic}
    uintx NonProfiledCodeHeapSize                  = 122912730                              {pd product} {ergonomic}
    uintx ProfiledCodeHeapSize                     = 122912730                              {pd product} {ergonomic}
    uintx ReservedCodeCacheSize                    = 251658240                              {pd product} {ergonomic}
     bool SegmentedCodeCache                       = true                                      {product} {ergonomic}
   size_t SoftMaxHeapSize                          = 67108864                               {manageable} {ergonomic}
     bool UseCompressedClassPointers               = true                           {product lp64_product} {ergonomic}
     bool UseCompressedOops                        = true                           {product lp64_product} {ergonomic}
     bool UseG1GC                                  = true                                      {product} {ergonomic}
     bool UseLargePagesIndividualAllocation        = false                                  {pd product} {ergonomic}

Logging:
Log output configuration:
 #0: stdout all=warning uptime,level,tags
 #1: stderr all=off uptime,level,tags

Environment Variables:
JAVA_HOME=C:\Program Files\Java\jdk-17
PATH=D:\GITHUB\reactNativeCalculator\node_modules\.bin;D:\GITHUB\node_modules\.bin;D:\node_modules\.bin;C:\Program Files\nodejs\node_modules\npm\node_modules\@npmcli\run-script\lib\node-gyp-bin;C:\Users\pablo\bin;C:\Program Files\Git\mingw64\bin;C:\Program Files\Git\usr\local\bin;C:\Program Files\Git\usr\bin;C:\Program Files\Git\usr\bin;C:\Program Files\Git\mingw64\bin;C:\Program Files\Git\usr\bin;C:\Users\pablo\bin;C:\Program Files\Common Files\Oracle\Java\javapath;C:\Program Files (x86)\Common Files\Oracle\Java\java8path;C:\Program Files (x86)\Common Files\Oracle\Java\javapath;C:\WINDOWS\system32;C:\WINDOWS;C:\WINDOWS\System32\Wbem;C:\WINDOWS\System32\WindowsPowerShell\v1.0;C:\WINDOWS\System32\OpenSSH;C:\Program Files\Git\cmd;C:\Program Files\dotnet;C:\Program Files\nodejs;C:\Program Files\Java\jdk-17\bin;C:\Users\pablo\AppData\Local\Microsoft\WindowsApps;C:\Users\pablo\AppData\Local\Programs\Microsoft VS Code\bin;C:\Users\pablo\AppData\Roaming\npm;C:\Users\pablo\AppData\Local\Android\Sdk\platform-tools;C:\Program Files\Git\usr\bin\vendor_perl;C:\Program Files\Git\usr\bin\core_perl
USERNAME=pablo
SHELL=C:\Program Files\Git\usr\bin\bash.exe
DISPLAY=needs-to-be-defined
LANG=en_US.UTF-8
OS=Windows_NT
PROCESSOR_IDENTIFIER=AMD64 Family 21 Model 56 Stepping 1, AuthenticAMD



---------------  S Y S T E M  ---------------

OS:
 Windows 11 , 64 bit Build 26100 (10.0.26100.7019)
OS uptime: 0 days 14:50 hours

CPU: total 4 (initial active 4) (4 cores per cpu, 1 threads per core) family 21 model 56 stepping 1 microcode 0x6003106, cx8, cmov, fxsr, mmx, 3dnowpref, sse, sse2, sse3, ssse3, sse4a, sse4.1, sse4.2, popcnt, lzcnt, tsc, tscinvbit, avx, aes, clmul, bmi1, fma, vzeroupper, clflush

Memory: 4k page, system-wide physical 14298M (1836M free)
TotalPageFile size 24298M (AvailPageFile size 6M)
current process WorkingSet (physical memory assigned to process): 83M, peak: 84M
current process commit charge ("private bytes"): 153M, peak: 154M

vm_info: Java HotSpot(TM) 64-Bit Server VM (17.0.16+12-LTS-247) for windows-amd64 JRE (17.0.16+12-LTS-247), built on Jun 27 2025 10:11:42 by "mach5one" with MS VC++ 17.6 (VS2022)

END.
